<?xml version="1.0" encoding="UTF-8"?>
<testsuite xmlns:xsi="http://www.w3.org/2001/XMLSchema-instance" xsi:noNamespaceSchemaLocation="https://maven.apache.org/surefire/maven-surefire-plugin/xsd/surefire-test-report.xsd" name="PersonLoanCount.AppTest" time="0.027" tests="1" errors="0" skipped="0" failures="0">
  <properties>
    <property name="sun.desktop" value="gnome"/>
    <property name="awt.toolkit" value="sun.awt.X11.XToolkit"/>
    <property name="file.encoding.pkg" value="sun.io"/>
    <property name="java.specification.version" value="1.8"/>
    <property name="sun.cpu.isalist" value=""/>
    <property name="sun.jnu.encoding" value="UTF-8"/>
    <property name="java.class.path" value="/home/blazarx/文档/TuGraph/AlgorithmDesign/lab1/PersonLoanCount/target/test-classes:/home/blazarx/文档/TuGraph/AlgorithmDesign/lab1/PersonLoanCount/target/classes:/home/blazarx/.m2/repository/junit/junit/4.11/junit-4.11.jar:/home/blazarx/.m2/repository/org/hamcrest/hamcrest-core/1.3/hamcrest-core-1.3.jar:/home/blazarx/.m2/repository/com/antgroup/tugraph/geaflow-api/0.1/geaflow-api-0.1.jar:/home/blazarx/.m2/repository/com/antgroup/tugraph/geaflow-common/0.1/geaflow-common-0.1.jar:/home/blazarx/.m2/repository/com/google/guava/guava/20.0/guava-20.0.jar:/home/blazarx/.m2/repository/com/google/code/gson/gson/2.2.4/gson-2.2.4.jar:/home/blazarx/.m2/repository/com/esotericsoftware/kryo/4.0.2/kryo-4.0.2.jar:/home/blazarx/.m2/repository/com/esotericsoftware/reflectasm/1.11.3/reflectasm-1.11.3.jar:/home/blazarx/.m2/repository/org/ow2/asm/asm/5.0.4/asm-5.0.4.jar:/home/blazarx/.m2/repository/com/esotericsoftware/minlog/1.3.0/minlog-1.3.0.jar:/home/blazarx/.m2/repository/org/objenesis/objenesis/2.5.1/objenesis-2.5.1.jar:/home/blazarx/.m2/repository/de/javakaffee/kryo-serializers/0.42/kryo-serializers-0.42.jar:/home/blazarx/.m2/repository/com/alibaba/fastjson/1.2.71_noneautotype/fastjson-1.2.71_noneautotype.jar:/home/blazarx/.m2/repository/commons-collections/commons-collections/3.2.2/commons-collections-3.2.2.jar:/home/blazarx/.m2/repository/joda-time/joda-time/2.12.1/joda-time-2.12.1.jar:/home/blazarx/.m2/repository/com/antgroup/tugraph/geaflow-metrics-common/0.1/geaflow-metrics-common-0.1.jar:/home/blazarx/.m2/repository/io/dropwizard/metrics/metrics-core/4.2.0/metrics-core-4.2.0.jar:/home/blazarx/.m2/repository/com/antgroup/tugraph/geaflow-model/0.1/geaflow-model-0.1.jar:/home/blazarx/.m2/repository/com/antgroup/tugraph/geaflow-utils/0.1/geaflow-utils-0.1.jar:/home/blazarx/.m2/repository/com/aliyun/oss/aliyun-sdk-oss/2.2.0/aliyun-sdk-oss-2.2.0.jar:/home/blazarx/.m2/repository/org/apache/httpcomponents/httpclient/4.4.1/httpclient-4.4.1.jar:/home/blazarx/.m2/repository/org/apache/httpcomponents/httpcore/4.4.1/httpcore-4.4.1.jar:/home/blazarx/.m2/repository/commons-logging/commons-logging/1.2/commons-logging-1.2.jar:/home/blazarx/.m2/repository/commons-codec/commons-codec/1.9/commons-codec-1.9.jar:/home/blazarx/.m2/repository/org/jdom/jdom/1.1/jdom-1.1.jar:/home/blazarx/.m2/repository/net/sf/json-lib/json-lib/2.4/json-lib-2.4-jdk15.jar:/home/blazarx/.m2/repository/commons-beanutils/commons-beanutils/1.8.0/commons-beanutils-1.8.0.jar:/home/blazarx/.m2/repository/commons-lang/commons-lang/2.5/commons-lang-2.5.jar:/home/blazarx/.m2/repository/net/sf/ezmorph/ezmorph/1.0.6/ezmorph-1.0.6.jar:/home/blazarx/.m2/repository/com/squareup/okhttp3/okhttp/4.10.0/okhttp-4.10.0.jar:/home/blazarx/.m2/repository/com/squareup/okio/okio-jvm/3.0.0/okio-jvm-3.0.0.jar:/home/blazarx/.m2/repository/org/jetbrains/kotlin/kotlin-stdlib-jdk8/1.5.31/kotlin-stdlib-jdk8-1.5.31.jar:/home/blazarx/.m2/repository/org/jetbrains/kotlin/kotlin-stdlib-jdk7/1.5.31/kotlin-stdlib-jdk7-1.5.31.jar:/home/blazarx/.m2/repository/com/fasterxml/jackson/core/jackson-databind/2.11.2/jackson-databind-2.11.2.jar:/home/blazarx/.m2/repository/com/fasterxml/jackson/core/jackson-annotations/2.11.2/jackson-annotations-2.11.2.jar:/home/blazarx/.m2/repository/com/fasterxml/jackson/core/jackson-core/2.11.2/jackson-core-2.11.2.jar:/home/blazarx/.m2/repository/com/antgroup/tugraph/geaflow-state-common/0.1/geaflow-state-common-0.1.jar:/home/blazarx/.m2/repository/com/google/protobuf/protobuf-java/3.8.0/protobuf-java-3.8.0.jar:/home/blazarx/.m2/repository/org/codehaus/janino/janino/3.0.9/janino-3.0.9.jar:/home/blazarx/.m2/repository/org/codehaus/janino/commons-compiler/3.0.9/commons-compiler-3.0.9.jar:/home/blazarx/.m2/repository/org/slf4j/slf4j-api/1.7.15/slf4j-api-1.7.15.jar:/home/blazarx/.m2/repository/org/slf4j/slf4j-log4j12/1.7.15/slf4j-log4j12-1.7.15.jar:/home/blazarx/.m2/repository/log4j/log4j/1.2.17/log4j-1.2.17.jar:/home/blazarx/.m2/repository/com/antgroup/tugraph/geaflow-examples/0.1/geaflow-examples-0.1.jar:/home/blazarx/.m2/repository/commons-io/commons-io/2.6/commons-io-2.6.jar:/home/blazarx/.m2/repository/com/antgroup/tugraph/geaflow-runtime-core/0.1/geaflow-runtime-core-0.1.jar:/home/blazarx/.m2/repository/com/antgroup/tugraph/geaflow-runtime-common/0.1/geaflow-runtime-common-0.1.jar:/home/blazarx/.m2/repository/com/antgroup/tugraph/geaflow-dsl-runtime/0.1/geaflow-dsl-runtime-0.1.jar:/home/blazarx/.m2/repository/com/antgroup/tugraph/geaflow-dsl-common/0.1/geaflow-dsl-common-0.1.jar:/home/blazarx/.m2/repository/com/antgroup/tugraph/calcite-core/1.18.0-geaflow_1.0/calcite-core-1.18.0-geaflow_1.0.jar:/home/blazarx/.m2/repository/org/apache/calcite/avatica/avatica-core/1.13.0/avatica-core-1.13.0.jar:/home/blazarx/.m2/repository/org/apache/calcite/avatica/avatica-metrics/1.13.0/avatica-metrics-1.13.0.jar:/home/blazarx/.m2/repository/com/antgroup/tugraph/calcite-linq4j/1.18.0-geaflow_1.0/calcite-linq4j-1.18.0-geaflow_1.0.jar:/home/blazarx/.m2/repository/org/apache/commons/commons-dbcp2/2.5.0/commons-dbcp2-2.5.0.jar:/home/blazarx/.m2/repository/com/esri/geometry/esri-geometry-api/2.2.0/esri-geometry-api-2.2.0.jar:/home/blazarx/.m2/repository/com/yahoo/datasketches/sketches-core/0.9.0/sketches-core-0.9.0.jar:/home/blazarx/.m2/repository/com/yahoo/datasketches/memory/0.9.0/memory-0.9.0.jar:/home/blazarx/.m2/repository/com/jayway/jsonpath/json-path/2.4.0/json-path-2.4.0.jar:/home/blazarx/.m2/repository/net/hydromatic/aggdesigner-algorithm/6.0/aggdesigner-algorithm-6.0.jar:/home/blazarx/.m2/repository/com/antgroup/tugraph/geaflow-dsl-plan/0.1/geaflow-dsl-plan-0.1.jar:/home/blazarx/.m2/repository/com/antgroup/tugraph/geaflow-dsl-parser/0.1/geaflow-dsl-parser-0.1.jar:/home/blazarx/.m2/repository/com/antgroup/tugraph/geaflow-dsl-catalog/0.1/geaflow-dsl-catalog-0.1.jar:/home/blazarx/.m2/repository/com/antgroup/tugraph/geaflow-dsl-connector-api/0.1/geaflow-dsl-connector-api-0.1.jar:/home/blazarx/.m2/repository/com/antgroup/tugraph/geaflow-dsl-connector-console/0.1/geaflow-dsl-connector-console-0.1.jar:/home/blazarx/.m2/repository/com/antgroup/tugraph/geaflow-dsl-connector-file/0.1/geaflow-dsl-connector-file-0.1.jar:/home/blazarx/.m2/repository/com/antgroup/tugraph/geaflow-dsl-connector-kafka/0.1/geaflow-dsl-connector-kafka-0.1.jar:/home/blazarx/.m2/repository/org/apache/kafka/kafka-clients/2.4.1/kafka-clients-2.4.1.jar:/home/blazarx/.m2/repository/org/lz4/lz4-java/1.6.0/lz4-java-1.6.0.jar:/home/blazarx/.m2/repository/com/antgroup/tugraph/geaflow-dsl-connector-hive/0.1/geaflow-dsl-connector-hive-0.1.jar:/home/blazarx/.m2/repository/org/apache/hadoop/hadoop-mapreduce-client-core/2.7.4/hadoop-mapreduce-client-core-2.7.4.jar:/home/blazarx/.m2/repository/org/apache/hadoop/hadoop-yarn-common/2.7.4/hadoop-yarn-common-2.7.4.jar:/home/blazarx/.m2/repository/javax/xml/bind/jaxb-api/2.2.2/jaxb-api-2.2.2.jar:/home/blazarx/.m2/repository/javax/xml/stream/stax-api/1.0-2/stax-api-1.0-2.jar:/home/blazarx/.m2/repository/javax/activation/activation/1.1/activation-1.1.jar:/home/blazarx/.m2/repository/com/sun/jersey/jersey-client/1.9/jersey-client-1.9.jar:/home/blazarx/.m2/repository/org/codehaus/jackson/jackson-jaxrs/1.9.13/jackson-jaxrs-1.9.13.jar:/home/blazarx/.m2/repository/org/codehaus/jackson/jackson-xc/1.9.13/jackson-xc-1.9.13.jar:/home/blazarx/.m2/repository/com/google/inject/guice/3.0/guice-3.0.jar:/home/blazarx/.m2/repository/javax/inject/javax.inject/1/javax.inject-1.jar:/home/blazarx/.m2/repository/aopalliance/aopalliance/1.0/aopalliance-1.0.jar:/home/blazarx/.m2/repository/com/sun/jersey/jersey-server/1.9/jersey-server-1.9.jar:/home/blazarx/.m2/repository/com/sun/jersey/contribs/jersey-guice/1.9/jersey-guice-1.9.jar:/home/blazarx/.m2/repository/org/apache/avro/avro/1.7.4/avro-1.7.4.jar:/home/blazarx/.m2/repository/com/thoughtworks/paranamer/paranamer/2.3/paranamer-2.3.jar:/home/blazarx/.m2/repository/org/apache/hadoop/hadoop-annotations/2.7.4/hadoop-annotations-2.7.4.jar:/usr/lib/jvm/java-8-openjdk-amd64/jre/../lib/tools.jar:/home/blazarx/.m2/repository/com/google/inject/extensions/guice-servlet/3.0/guice-servlet-3.0.jar:/home/blazarx/.m2/repository/io/netty/netty/3.6.2.Final/netty-3.6.2.Final.jar:/home/blazarx/.m2/repository/org/apache/hadoop/hadoop-common/2.7.4/hadoop-common-2.7.4.jar:/home/blazarx/.m2/repository/commons-cli/commons-cli/1.2/commons-cli-1.2.jar:/home/blazarx/.m2/repository/org/apache/commons/commons-math3/3.1.1/commons-math3-3.1.1.jar:/home/blazarx/.m2/repository/xmlenc/xmlenc/0.52/xmlenc-0.52.jar:/home/blazarx/.m2/repository/commons-httpclient/commons-httpclient/3.1/commons-httpclient-3.1.jar:/home/blazarx/.m2/repository/commons-net/commons-net/3.1/commons-net-3.1.jar:/home/blazarx/.m2/repository/org/mortbay/jetty/jetty/6.1.26/jetty-6.1.26.jar:/home/blazarx/.m2/repository/org/mortbay/jetty/jetty-util/6.1.26/jetty-util-6.1.26.jar:/home/blazarx/.m2/repository/org/mortbay/jetty/jetty-sslengine/6.1.26/jetty-sslengine-6.1.26.jar:/home/blazarx/.m2/repository/javax/servlet/jsp/jsp-api/2.1/jsp-api-2.1.jar:/home/blazarx/.m2/repository/com/sun/jersey/jersey-core/1.9/jersey-core-1.9.jar:/home/blazarx/.m2/repository/com/sun/jersey/jersey-json/1.9/jersey-json-1.9.jar:/home/blazarx/.m2/repository/org/codehaus/jettison/jettison/1.1/jettison-1.1.jar:/home/blazarx/.m2/repository/com/sun/xml/bind/jaxb-impl/2.2.3-1/jaxb-impl-2.2.3-1.jar:/home/blazarx/.m2/repository/net/java/dev/jets3t/jets3t/0.9.0/jets3t-0.9.0.jar:/home/blazarx/.m2/repository/com/jamesmurty/utils/java-xmlbuilder/0.4/java-xmlbuilder-0.4.jar:/home/blazarx/.m2/repository/commons-configuration/commons-configuration/1.6/commons-configuration-1.6.jar:/home/blazarx/.m2/repository/commons-digester/commons-digester/1.8/commons-digester-1.8.jar:/home/blazarx/.m2/repository/commons-beanutils/commons-beanutils-core/1.8.0/commons-beanutils-core-1.8.0.jar:/home/blazarx/.m2/repository/org/codehaus/jackson/jackson-core-asl/1.9.13/jackson-core-asl-1.9.13.jar:/home/blazarx/.m2/repository/org/codehaus/jackson/jackson-mapper-asl/1.9.13/jackson-mapper-asl-1.9.13.jar:/home/blazarx/.m2/repository/org/apache/hadoop/hadoop-auth/2.7.4/hadoop-auth-2.7.4.jar:/home/blazarx/.m2/repository/org/apache/directory/server/apacheds-kerberos-codec/2.0.0-M15/apacheds-kerberos-codec-2.0.0-M15.jar:/home/blazarx/.m2/repository/org/apache/directory/server/apacheds-i18n/2.0.0-M15/apacheds-i18n-2.0.0-M15.jar:/home/blazarx/.m2/repository/org/apache/directory/api/api-asn1-api/1.0.0-M20/api-asn1-api-1.0.0-M20.jar:/home/blazarx/.m2/repository/org/apache/directory/api/api-util/1.0.0-M20/api-util-1.0.0-M20.jar:/home/blazarx/.m2/repository/org/apache/curator/curator-framework/2.7.1/curator-framework-2.7.1.jar:/home/blazarx/.m2/repository/com/jcraft/jsch/0.1.54/jsch-0.1.54.jar:/home/blazarx/.m2/repository/org/apache/curator/curator-client/2.7.1/curator-client-2.7.1.jar:/home/blazarx/.m2/repository/org/apache/curator/curator-recipes/2.7.1/curator-recipes-2.7.1.jar:/home/blazarx/.m2/repository/com/google/code/findbugs/jsr305/3.0.0/jsr305-3.0.0.jar:/home/blazarx/.m2/repository/org/apache/htrace/htrace-core/3.1.0-incubating/htrace-core-3.1.0-incubating.jar:/home/blazarx/.m2/repository/org/apache/zookeeper/zookeeper/3.4.6/zookeeper-3.4.6.jar:/home/blazarx/.m2/repository/org/apache/commons/commons-compress/1.4.1/commons-compress-1.4.1.jar:/home/blazarx/.m2/repository/org/tukaani/xz/1.0/xz-1.0.jar:/home/blazarx/.m2/repository/org/apache/hive/hive-metastore/2.3.6/hive-metastore-2.3.6.jar:/home/blazarx/.m2/repository/org/apache/hive/hive-serde/2.3.6/hive-serde-2.3.6.jar:/home/blazarx/.m2/repository/org/apache/hive/hive-common/2.3.6/hive-common-2.3.6.jar:/home/blazarx/.m2/repository/org/apache/hive/hive-storage-api/2.4.0/hive-storage-api-2.4.0.jar:/home/blazarx/.m2/repository/org/apache/orc/orc-core/1.3.4/orc-core-1.3.4.jar:/home/blazarx/.m2/repository/io/airlift/aircompressor/0.8/aircompressor-0.8.jar:/home/blazarx/.m2/repository/io/airlift/slice/0.29/slice-0.29.jar:/home/blazarx/.m2/repository/org/openjdk/jol/jol-core/0.2/jol-core-0.2.jar:/home/blazarx/.m2/repository/jline/jline/2.12/jline-2.12.jar:/home/blazarx/.m2/repository/org/apache/logging/log4j/log4j-web/2.6.2/log4j-web-2.6.2.jar:/home/blazarx/.m2/repository/org/apache/ant/ant/1.9.1/ant-1.9.1.jar:/home/blazarx/.m2/repository/org/apache/ant/ant-launcher/1.9.1/ant-launcher-1.9.1.jar:/home/blazarx/.m2/repository/com/tdunning/json/1.8/json-1.8.jar:/home/blazarx/.m2/repository/io/dropwizard/metrics/metrics-jvm/3.1.0/metrics-jvm-3.1.0.jar:/home/blazarx/.m2/repository/io/dropwizard/metrics/metrics-json/3.1.0/metrics-json-3.1.0.jar:/home/blazarx/.m2/repository/com/github/joshelser/dropwizard-metrics-hadoop-metrics2-reporter/0.1.2/dropwizard-metrics-hadoop-metrics2-reporter-0.1.2.jar:/home/blazarx/.m2/repository/org/apache/hive/hive-service-rpc/2.3.6/hive-service-rpc-2.3.6.jar:/home/blazarx/.m2/repository/tomcat/jasper-compiler/5.5.23/jasper-compiler-5.5.23.jar:/home/blazarx/.m2/repository/ant/ant/1.6.5/ant-1.6.5.jar:/home/blazarx/.m2/repository/tomcat/jasper-runtime/5.5.23/jasper-runtime-5.5.23.jar:/home/blazarx/.m2/repository/commons-el/commons-el/1.0/commons-el-1.0.jar:/home/blazarx/.m2/repository/net/sf/opencsv/opencsv/2.3/opencsv-2.3.jar:/home/blazarx/.m2/repository/org/apache/parquet/parquet-hadoop-bundle/1.8.1/parquet-hadoop-bundle-1.8.1.jar:/home/blazarx/.m2/repository/org/apache/hive/hive-shims/2.3.6/hive-shims-2.3.6.jar:/home/blazarx/.m2/repository/org/apache/hive/shims/hive-shims-common/2.3.6/hive-shims-common-2.3.6.jar:/home/blazarx/.m2/repository/org/apache/hive/shims/hive-shims-0.23/2.3.6/hive-shims-0.23-2.3.6.jar:/home/blazarx/.m2/repository/org/apache/hadoop/hadoop-yarn-server-resourcemanager/2.7.2/hadoop-yarn-server-resourcemanager-2.7.2.jar:/home/blazarx/.m2/repository/org/apache/hadoop/hadoop-yarn-server-applicationhistoryservice/2.7.2/hadoop-yarn-server-applicationhistoryservice-2.7.2.jar:/home/blazarx/.m2/repository/org/apache/hadoop/hadoop-yarn-server-web-proxy/2.7.2/hadoop-yarn-server-web-proxy-2.7.2.jar:/home/blazarx/.m2/repository/org/apache/zookeeper/zookeeper/3.4.6/zookeeper-3.4.6-tests.jar:/home/blazarx/.m2/repository/org/apache/hive/shims/hive-shims-scheduler/2.3.6/hive-shims-scheduler-2.3.6.jar:/home/blazarx/.m2/repository/javolution/javolution/5.5.1/javolution-5.5.1.jar:/home/blazarx/.m2/repository/org/apache/hbase/hbase-client/1.1.1/hbase-client-1.1.1.jar:/home/blazarx/.m2/repository/org/apache/hbase/hbase-annotations/1.1.1/hbase-annotations-1.1.1.jar:/home/blazarx/.m2/repository/org/apache/hbase/hbase-common/1.1.1/hbase-common-1.1.1.jar:/home/blazarx/.m2/repository/org/apache/hbase/hbase-protocol/1.1.1/hbase-protocol-1.1.1.jar:/home/blazarx/.m2/repository/org/jruby/jcodings/jcodings/1.0.8/jcodings-1.0.8.jar:/home/blazarx/.m2/repository/org/jruby/joni/joni/2.1.2/joni-2.1.2.jar:/home/blazarx/.m2/repository/com/github/stephenc/findbugs/findbugs-annotations/1.3.9-1/findbugs-annotations-1.3.9-1.jar:/home/blazarx/.m2/repository/com/jolbox/bonecp/0.8.0.RELEASE/bonecp-0.8.0.RELEASE.jar:/home/blazarx/.m2/repository/org/apache/derby/derby/10.10.2.0/derby-10.10.2.0.jar:/home/blazarx/.m2/repository/org/datanucleus/datanucleus-api-jdo/4.2.4/datanucleus-api-jdo-4.2.4.jar:/home/blazarx/.m2/repository/org/datanucleus/datanucleus-core/4.1.17/datanucleus-core-4.1.17.jar:/home/blazarx/.m2/repository/org/datanucleus/datanucleus-rdbms/4.1.19/datanucleus-rdbms-4.1.19.jar:/home/blazarx/.m2/repository/commons-pool/commons-pool/1.5.4/commons-pool-1.5.4.jar:/home/blazarx/.m2/repository/commons-dbcp/commons-dbcp/1.4/commons-dbcp-1.4.jar:/home/blazarx/.m2/repository/javax/jdo/jdo-api/3.0.1/jdo-api-3.0.1.jar:/home/blazarx/.m2/repository/javax/transaction/jta/1.1/jta-1.1.jar:/home/blazarx/.m2/repository/org/datanucleus/javax.jdo/3.2.0-m3/javax.jdo-3.2.0-m3.jar:/home/blazarx/.m2/repository/javax/transaction/transaction-api/1.1/transaction-api-1.1.jar:/home/blazarx/.m2/repository/org/antlr/antlr-runtime/3.5.2/antlr-runtime-3.5.2.jar:/home/blazarx/.m2/repository/org/apache/thrift/libfb303/0.9.3/libfb303-0.9.3.jar:/home/blazarx/.m2/repository/org/apache/thrift/libthrift/0.9.3/libthrift-0.9.3.jar:/home/blazarx/.m2/repository/co/cask/tephra/tephra-api/0.6.0/tephra-api-0.6.0.jar:/home/blazarx/.m2/repository/co/cask/tephra/tephra-core/0.6.0/tephra-core-0.6.0.jar:/home/blazarx/.m2/repository/com/google/inject/extensions/guice-assistedinject/3.0/guice-assistedinject-3.0.jar:/home/blazarx/.m2/repository/org/apache/twill/twill-common/0.6.0-incubating/twill-common-0.6.0-incubating.jar:/home/blazarx/.m2/repository/org/apache/twill/twill-core/0.6.0-incubating/twill-core-0.6.0-incubating.jar:/home/blazarx/.m2/repository/org/apache/twill/twill-api/0.6.0-incubating/twill-api-0.6.0-incubating.jar:/home/blazarx/.m2/repository/org/apache/twill/twill-discovery-api/0.6.0-incubating/twill-discovery-api-0.6.0-incubating.jar:/home/blazarx/.m2/repository/org/apache/twill/twill-discovery-core/0.6.0-incubating/twill-discovery-core-0.6.0-incubating.jar:/home/blazarx/.m2/repository/org/apache/twill/twill-zookeeper/0.6.0-incubating/twill-zookeeper-0.6.0-incubating.jar:/home/blazarx/.m2/repository/co/cask/tephra/tephra-hbase-compat-1.0/0.6.0/tephra-hbase-compat-1.0-0.6.0.jar:/home/blazarx/.m2/repository/org/apache/hive/hive-exec/2.3.6/hive-exec-2.3.6-core.jar:/home/blazarx/.m2/repository/org/apache/logging/log4j/log4j-1.2-api/2.6.2/log4j-1.2-api-2.6.2.jar:/home/blazarx/.m2/repository/org/apache/logging/log4j/log4j-api/2.6.2/log4j-api-2.6.2.jar:/home/blazarx/.m2/repository/org/apache/logging/log4j/log4j-core/2.6.2/log4j-core-2.6.2.jar:/home/blazarx/.m2/repository/com/antgroup/tugraph/geaflow-dsl-connector-socket/0.1/geaflow-dsl-connector-socket-0.1.jar:/home/blazarx/.m2/repository/com/antgroup/tugraph/geaflow-pdata/0.1/geaflow-pdata-0.1.jar:/home/blazarx/.m2/repository/org/apache/commons/commons-lang3/3.3.2/commons-lang3-3.3.2.jar:/home/blazarx/.m2/repository/com/antgroup/tugraph/geaflow-operator/0.1/geaflow-operator-0.1.jar:/home/blazarx/.m2/repository/com/antgroup/tugraph/geaflow-state-api/0.1/geaflow-state-api-0.1.jar:/home/blazarx/.m2/repository/com/antgroup/tugraph/geaflow-state-impl/0.1/geaflow-state-impl-0.1.jar:/home/blazarx/.m2/repository/com/antgroup/tugraph/geaflow-state-strategy/0.1/geaflow-state-strategy-0.1.jar:/home/blazarx/.m2/repository/com/antgroup/tugraph/geaflow-view-meta/0.1/geaflow-view-meta-0.1.jar:/home/blazarx/.m2/repository/com/antgroup/tugraph/geaflow-file-common/0.1/geaflow-file-common-0.1.jar:/home/blazarx/.m2/repository/org/apache/hadoop/hadoop-client/2.7.4/hadoop-client-2.7.4.jar:/home/blazarx/.m2/repository/org/apache/hadoop/hadoop-hdfs/2.7.4/hadoop-hdfs-2.7.4.jar:/home/blazarx/.m2/repository/xerces/xercesImpl/2.9.1/xercesImpl-2.9.1.jar:/home/blazarx/.m2/repository/xml-apis/xml-apis/1.3.04/xml-apis-1.3.04.jar:/home/blazarx/.m2/repository/org/fusesource/leveldbjni/leveldbjni-all/1.8/leveldbjni-all-1.8.jar:/home/blazarx/.m2/repository/org/apache/hadoop/hadoop-mapreduce-client-app/2.7.4/hadoop-mapreduce-client-app-2.7.4.jar:/home/blazarx/.m2/repository/org/apache/hadoop/hadoop-mapreduce-client-common/2.7.4/hadoop-mapreduce-client-common-2.7.4.jar:/home/blazarx/.m2/repository/org/apache/hadoop/hadoop-yarn-client/2.7.4/hadoop-yarn-client-2.7.4.jar:/home/blazarx/.m2/repository/org/apache/hadoop/hadoop-yarn-server-common/2.7.4/hadoop-yarn-server-common-2.7.4.jar:/home/blazarx/.m2/repository/org/apache/hadoop/hadoop-mapreduce-client-shuffle/2.7.4/hadoop-mapreduce-client-shuffle-2.7.4.jar:/home/blazarx/.m2/repository/org/apache/hadoop/hadoop-yarn-api/2.7.4/hadoop-yarn-api-2.7.4.jar:/home/blazarx/.m2/repository/org/apache/hadoop/hadoop-mapreduce-client-jobclient/2.7.4/hadoop-mapreduce-client-jobclient-2.7.4.jar:/home/blazarx/.m2/repository/com/antgroup/tugraph/geaflow-file-dfs/0.1/geaflow-file-dfs-0.1.jar:/home/blazarx/.m2/repository/com/antgroup/tugraph/geaflow-cluster/0.1/geaflow-cluster-0.1.jar:/home/blazarx/.m2/repository/com/antgroup/tugraph/geaflow-core-common/0.1/geaflow-core-common-0.1.jar:/home/blazarx/.m2/repository/com/antgroup/tugraph/geaflow-shuffle/0.1/geaflow-shuffle-0.1.jar:/home/blazarx/.m2/repository/com/github/luben/zstd-jni/1.4.3-1/zstd-jni-1.4.3-1.jar:/home/blazarx/.m2/repository/org/xerial/snappy/snappy-java/1.1.8.4/snappy-java-1.1.8.4.jar:/home/blazarx/.m2/repository/net/jpountz/lz4/lz4/1.2.0/lz4-1.2.0.jar:/home/blazarx/.m2/repository/io/netty/netty-all/4.1.30.Final/netty-all-4.1.30.Final.jar:/home/blazarx/.m2/repository/com/antgroup/tugraph/geaflow-rpc-proto/0.1/geaflow-rpc-proto-0.1.jar:/home/blazarx/.m2/repository/io/grpc/grpc-all/1.15.1/grpc-all-1.15.1.jar:/home/blazarx/.m2/repository/io/grpc/grpc-auth/1.15.1/grpc-auth-1.15.1.jar:/home/blazarx/.m2/repository/com/google/auth/google-auth-library-credentials/0.9.0/google-auth-library-credentials-0.9.0.jar:/home/blazarx/.m2/repository/io/grpc/grpc-core/1.15.1/grpc-core-1.15.1.jar:/home/blazarx/.m2/repository/com/google/errorprone/error_prone_annotations/2.2.0/error_prone_annotations-2.2.0.jar:/home/blazarx/.m2/repository/org/codehaus/mojo/animal-sniffer-annotations/1.17/animal-sniffer-annotations-1.17.jar:/home/blazarx/.m2/repository/io/opencensus/opencensus-api/0.12.3/opencensus-api-0.12.3.jar:/home/blazarx/.m2/repository/io/opencensus/opencensus-contrib-grpc-metrics/0.12.3/opencensus-contrib-grpc-metrics-0.12.3.jar:/home/blazarx/.m2/repository/io/grpc/grpc-context/1.15.1/grpc-context-1.15.1.jar:/home/blazarx/.m2/repository/io/grpc/grpc-netty/1.15.1/grpc-netty-1.15.1.jar:/home/blazarx/.m2/repository/io/netty/netty-codec-http2/4.1.27.Final/netty-codec-http2-4.1.27.Final.jar:/home/blazarx/.m2/repository/io/netty/netty-codec-http/4.1.27.Final/netty-codec-http-4.1.27.Final.jar:/home/blazarx/.m2/repository/io/netty/netty-codec/4.1.27.Final/netty-codec-4.1.27.Final.jar:/home/blazarx/.m2/repository/io/netty/netty-handler/4.1.27.Final/netty-handler-4.1.27.Final.jar:/home/blazarx/.m2/repository/io/netty/netty-buffer/4.1.27.Final/netty-buffer-4.1.27.Final.jar:/home/blazarx/.m2/repository/io/netty/netty-common/4.1.27.Final/netty-common-4.1.27.Final.jar:/home/blazarx/.m2/repository/io/netty/netty-handler-proxy/4.1.27.Final/netty-handler-proxy-4.1.27.Final.jar:/home/blazarx/.m2/repository/io/netty/netty-transport/4.1.27.Final/netty-transport-4.1.27.Final.jar:/home/blazarx/.m2/repository/io/netty/netty-resolver/4.1.27.Final/netty-resolver-4.1.27.Final.jar:/home/blazarx/.m2/repository/io/netty/netty-codec-socks/4.1.27.Final/netty-codec-socks-4.1.27.Final.jar:/home/blazarx/.m2/repository/io/grpc/grpc-okhttp/1.15.1/grpc-okhttp-1.15.1.jar:/home/blazarx/.m2/repository/com/squareup/okhttp/okhttp/2.5.0/okhttp-2.5.0.jar:/home/blazarx/.m2/repository/io/grpc/grpc-protobuf/1.15.1/grpc-protobuf-1.15.1.jar:/home/blazarx/.m2/repository/com/google/api/grpc/proto-google-common-protos/1.0.0/proto-google-common-protos-1.0.0.jar:/home/blazarx/.m2/repository/io/grpc/grpc-protobuf-lite/1.15.1/grpc-protobuf-lite-1.15.1.jar:/home/blazarx/.m2/repository/io/grpc/grpc-protobuf-nano/1.15.1/grpc-protobuf-nano-1.15.1.jar:/home/blazarx/.m2/repository/com/google/protobuf/nano/protobuf-javanano/3.0.0-alpha-5/protobuf-javanano-3.0.0-alpha-5.jar:/home/blazarx/.m2/repository/io/grpc/grpc-stub/1.15.1/grpc-stub-1.15.1.jar:/home/blazarx/.m2/repository/io/grpc/grpc-testing/1.15.1/grpc-testing-1.15.1.jar:/home/blazarx/.m2/repository/org/mockito/mockito-core/1.9.5/mockito-core-1.9.5.jar:/home/blazarx/.m2/repository/com/antgroup/tugraph/geaflow-metrics-slf4j/0.1/geaflow-metrics-slf4j-0.1.jar:/home/blazarx/.m2/repository/com/antgroup/tugraph/geaflow-metrics-reporter/0.1/geaflow-metrics-reporter-0.1.jar:/home/blazarx/.m2/repository/com/antgroup/tugraph/geaflow-store-redis/0.1/geaflow-store-redis-0.1.jar:/home/blazarx/.m2/repository/com/antgroup/tugraph/geaflow-store-api/0.1/geaflow-store-api-0.1.jar:/home/blazarx/.m2/repository/redis/clients/jedis/3.0.1/jedis-3.0.1.jar:/home/blazarx/.m2/repository/org/apache/commons/commons-pool2/2.4.3/commons-pool2-2.4.3.jar:/home/blazarx/.m2/repository/com/antgroup/tugraph/geaflow-store-memory/0.1/geaflow-store-memory-0.1.jar:/home/blazarx/.m2/repository/com/antgroup/tugraph/geaflow-collection/0.1/geaflow-collection-0.1.jar:/home/blazarx/.m2/repository/it/unimi/dsi/fastutil/8.5.8/fastutil-8.5.8.jar:/home/blazarx/.m2/repository/com/antgroup/tugraph/geaflow-store-rocksdb/0.1/geaflow-store-rocksdb-0.1.jar:/home/blazarx/.m2/repository/org/rocksdb/rocksdbjni/7.7.3/rocksdbjni-7.7.3.jar:/home/blazarx/.m2/repository/com/antgroup/tugraph/geaflow-store-jdbc/0.1/geaflow-store-jdbc-0.1.jar:/home/blazarx/.m2/repository/com/zaxxer/HikariCP/4.0.3/HikariCP-4.0.3.jar:/home/blazarx/.m2/repository/mysql/mysql-connector-java/8.0.20/mysql-connector-java-8.0.20.jar:/home/blazarx/.m2/repository/com/antgroup/tugraph/geaflow-highavailability/0.1/geaflow-highavailability-0.1.jar:/home/blazarx/.m2/repository/com/antgroup/tugraph/geaflow-stats-metrics/0.1/geaflow-stats-metrics-0.1.jar:/home/blazarx/.m2/repository/org/eclipse/jetty/jetty-util/9.4.43.v20210629/jetty-util-9.4.43.v20210629.jar:/home/blazarx/.m2/repository/org/eclipse/jetty/jetty-http/9.4.43.v20210629/jetty-http-9.4.43.v20210629.jar:/home/blazarx/.m2/repository/org/eclipse/jetty/jetty-io/9.4.43.v20210629/jetty-io-9.4.43.v20210629.jar:/home/blazarx/.m2/repository/org/eclipse/jetty/jetty-server/9.4.43.v20210629/jetty-server-9.4.43.v20210629.jar:/home/blazarx/.m2/repository/javax/servlet/javax.servlet-api/3.1.0/javax.servlet-api-3.1.0.jar:/home/blazarx/.m2/repository/org/eclipse/jetty/jetty-servlet/9.4.43.v20210629/jetty-servlet-9.4.43.v20210629.jar:/home/blazarx/.m2/repository/org/eclipse/jetty/jetty-security/9.4.43.v20210629/jetty-security-9.4.43.v20210629.jar:/home/blazarx/.m2/repository/org/eclipse/jetty/jetty-util-ajax/9.4.43.v20210629/jetty-util-ajax-9.4.43.v20210629.jar:/home/blazarx/.m2/repository/com/squareup/okio/okio/2.8.0/okio-2.8.0.jar:/home/blazarx/.m2/repository/org/jetbrains/kotlin/kotlin-stdlib/1.4.0/kotlin-stdlib-1.4.0.jar:/home/blazarx/.m2/repository/org/jetbrains/annotations/13.0/annotations-13.0.jar:/home/blazarx/.m2/repository/org/jetbrains/kotlin/kotlin-stdlib-common/1.4.0/kotlin-stdlib-common-1.4.0.jar:/home/blazarx/.m2/repository/com/antgroup/tugraph/geaflow-on-local/0.1/geaflow-on-local-0.1.jar:/home/blazarx/.m2/repository/com/antgroup/tugraph/geaflow-pipeline/0.1/geaflow-pipeline-0.1.jar:/home/blazarx/.m2/repository/com/antgroup/tugraph/geaflow-plan/0.1/geaflow-plan-0.1.jar:/home/blazarx/.m2/repository/com/antgroup/tugraph/geaflow-processor/0.1/geaflow-processor-0.1.jar:"/>
    <property name="java.vm.vendor" value="Private Build"/>
    <property name="sun.arch.data.model" value="64"/>
    <property name="java.vendor.url" value="http://java.oracle.com/"/>
    <property name="user.timezone" value=""/>
    <property name="java.vm.specification.version" value="1.8"/>
    <property name="os.name" value="Linux"/>
    <property name="user.country" value="CN"/>
    <property name="sun.java.launcher" value="SUN_STANDARD"/>
    <property name="sun.boot.library.path" value="/usr/lib/jvm/java-8-openjdk-amd64/jre/lib/amd64"/>
    <property name="sun.java.command" value="/home/blazarx/文档/TuGraph/AlgorithmDesign/lab1/PersonLoanCount/target/surefire/surefirebooter1926151194364035583.jar /home/blazarx/文档/TuGraph/AlgorithmDesign/lab1/PersonLoanCount/target/surefire 2023-10-24T23-51-58_822-jvmRun1 surefire313165793869030929tmp surefire_04971064238636330668tmp"/>
    <property name="surefire.test.class.path" value="/home/blazarx/文档/TuGraph/AlgorithmDesign/lab1/PersonLoanCount/target/test-classes:/home/blazarx/文档/TuGraph/AlgorithmDesign/lab1/PersonLoanCount/target/classes:/home/blazarx/.m2/repository/junit/junit/4.11/junit-4.11.jar:/home/blazarx/.m2/repository/org/hamcrest/hamcrest-core/1.3/hamcrest-core-1.3.jar:/home/blazarx/.m2/repository/com/antgroup/tugraph/geaflow-api/0.1/geaflow-api-0.1.jar:/home/blazarx/.m2/repository/com/antgroup/tugraph/geaflow-common/0.1/geaflow-common-0.1.jar:/home/blazarx/.m2/repository/com/google/guava/guava/20.0/guava-20.0.jar:/home/blazarx/.m2/repository/com/google/code/gson/gson/2.2.4/gson-2.2.4.jar:/home/blazarx/.m2/repository/com/esotericsoftware/kryo/4.0.2/kryo-4.0.2.jar:/home/blazarx/.m2/repository/com/esotericsoftware/reflectasm/1.11.3/reflectasm-1.11.3.jar:/home/blazarx/.m2/repository/org/ow2/asm/asm/5.0.4/asm-5.0.4.jar:/home/blazarx/.m2/repository/com/esotericsoftware/minlog/1.3.0/minlog-1.3.0.jar:/home/blazarx/.m2/repository/org/objenesis/objenesis/2.5.1/objenesis-2.5.1.jar:/home/blazarx/.m2/repository/de/javakaffee/kryo-serializers/0.42/kryo-serializers-0.42.jar:/home/blazarx/.m2/repository/com/alibaba/fastjson/1.2.71_noneautotype/fastjson-1.2.71_noneautotype.jar:/home/blazarx/.m2/repository/commons-collections/commons-collections/3.2.2/commons-collections-3.2.2.jar:/home/blazarx/.m2/repository/joda-time/joda-time/2.12.1/joda-time-2.12.1.jar:/home/blazarx/.m2/repository/com/antgroup/tugraph/geaflow-metrics-common/0.1/geaflow-metrics-common-0.1.jar:/home/blazarx/.m2/repository/io/dropwizard/metrics/metrics-core/4.2.0/metrics-core-4.2.0.jar:/home/blazarx/.m2/repository/com/antgroup/tugraph/geaflow-model/0.1/geaflow-model-0.1.jar:/home/blazarx/.m2/repository/com/antgroup/tugraph/geaflow-utils/0.1/geaflow-utils-0.1.jar:/home/blazarx/.m2/repository/com/aliyun/oss/aliyun-sdk-oss/2.2.0/aliyun-sdk-oss-2.2.0.jar:/home/blazarx/.m2/repository/org/apache/httpcomponents/httpclient/4.4.1/httpclient-4.4.1.jar:/home/blazarx/.m2/repository/org/apache/httpcomponents/httpcore/4.4.1/httpcore-4.4.1.jar:/home/blazarx/.m2/repository/commons-logging/commons-logging/1.2/commons-logging-1.2.jar:/home/blazarx/.m2/repository/commons-codec/commons-codec/1.9/commons-codec-1.9.jar:/home/blazarx/.m2/repository/org/jdom/jdom/1.1/jdom-1.1.jar:/home/blazarx/.m2/repository/net/sf/json-lib/json-lib/2.4/json-lib-2.4-jdk15.jar:/home/blazarx/.m2/repository/commons-beanutils/commons-beanutils/1.8.0/commons-beanutils-1.8.0.jar:/home/blazarx/.m2/repository/commons-lang/commons-lang/2.5/commons-lang-2.5.jar:/home/blazarx/.m2/repository/net/sf/ezmorph/ezmorph/1.0.6/ezmorph-1.0.6.jar:/home/blazarx/.m2/repository/com/squareup/okhttp3/okhttp/4.10.0/okhttp-4.10.0.jar:/home/blazarx/.m2/repository/com/squareup/okio/okio-jvm/3.0.0/okio-jvm-3.0.0.jar:/home/blazarx/.m2/repository/org/jetbrains/kotlin/kotlin-stdlib-jdk8/1.5.31/kotlin-stdlib-jdk8-1.5.31.jar:/home/blazarx/.m2/repository/org/jetbrains/kotlin/kotlin-stdlib-jdk7/1.5.31/kotlin-stdlib-jdk7-1.5.31.jar:/home/blazarx/.m2/repository/com/fasterxml/jackson/core/jackson-databind/2.11.2/jackson-databind-2.11.2.jar:/home/blazarx/.m2/repository/com/fasterxml/jackson/core/jackson-annotations/2.11.2/jackson-annotations-2.11.2.jar:/home/blazarx/.m2/repository/com/fasterxml/jackson/core/jackson-core/2.11.2/jackson-core-2.11.2.jar:/home/blazarx/.m2/repository/com/antgroup/tugraph/geaflow-state-common/0.1/geaflow-state-common-0.1.jar:/home/blazarx/.m2/repository/com/google/protobuf/protobuf-java/3.8.0/protobuf-java-3.8.0.jar:/home/blazarx/.m2/repository/org/codehaus/janino/janino/3.0.9/janino-3.0.9.jar:/home/blazarx/.m2/repository/org/codehaus/janino/commons-compiler/3.0.9/commons-compiler-3.0.9.jar:/home/blazarx/.m2/repository/org/slf4j/slf4j-api/1.7.15/slf4j-api-1.7.15.jar:/home/blazarx/.m2/repository/org/slf4j/slf4j-log4j12/1.7.15/slf4j-log4j12-1.7.15.jar:/home/blazarx/.m2/repository/log4j/log4j/1.2.17/log4j-1.2.17.jar:/home/blazarx/.m2/repository/com/antgroup/tugraph/geaflow-examples/0.1/geaflow-examples-0.1.jar:/home/blazarx/.m2/repository/commons-io/commons-io/2.6/commons-io-2.6.jar:/home/blazarx/.m2/repository/com/antgroup/tugraph/geaflow-runtime-core/0.1/geaflow-runtime-core-0.1.jar:/home/blazarx/.m2/repository/com/antgroup/tugraph/geaflow-runtime-common/0.1/geaflow-runtime-common-0.1.jar:/home/blazarx/.m2/repository/com/antgroup/tugraph/geaflow-dsl-runtime/0.1/geaflow-dsl-runtime-0.1.jar:/home/blazarx/.m2/repository/com/antgroup/tugraph/geaflow-dsl-common/0.1/geaflow-dsl-common-0.1.jar:/home/blazarx/.m2/repository/com/antgroup/tugraph/calcite-core/1.18.0-geaflow_1.0/calcite-core-1.18.0-geaflow_1.0.jar:/home/blazarx/.m2/repository/org/apache/calcite/avatica/avatica-core/1.13.0/avatica-core-1.13.0.jar:/home/blazarx/.m2/repository/org/apache/calcite/avatica/avatica-metrics/1.13.0/avatica-metrics-1.13.0.jar:/home/blazarx/.m2/repository/com/antgroup/tugraph/calcite-linq4j/1.18.0-geaflow_1.0/calcite-linq4j-1.18.0-geaflow_1.0.jar:/home/blazarx/.m2/repository/org/apache/commons/commons-dbcp2/2.5.0/commons-dbcp2-2.5.0.jar:/home/blazarx/.m2/repository/com/esri/geometry/esri-geometry-api/2.2.0/esri-geometry-api-2.2.0.jar:/home/blazarx/.m2/repository/com/yahoo/datasketches/sketches-core/0.9.0/sketches-core-0.9.0.jar:/home/blazarx/.m2/repository/com/yahoo/datasketches/memory/0.9.0/memory-0.9.0.jar:/home/blazarx/.m2/repository/com/jayway/jsonpath/json-path/2.4.0/json-path-2.4.0.jar:/home/blazarx/.m2/repository/net/hydromatic/aggdesigner-algorithm/6.0/aggdesigner-algorithm-6.0.jar:/home/blazarx/.m2/repository/com/antgroup/tugraph/geaflow-dsl-plan/0.1/geaflow-dsl-plan-0.1.jar:/home/blazarx/.m2/repository/com/antgroup/tugraph/geaflow-dsl-parser/0.1/geaflow-dsl-parser-0.1.jar:/home/blazarx/.m2/repository/com/antgroup/tugraph/geaflow-dsl-catalog/0.1/geaflow-dsl-catalog-0.1.jar:/home/blazarx/.m2/repository/com/antgroup/tugraph/geaflow-dsl-connector-api/0.1/geaflow-dsl-connector-api-0.1.jar:/home/blazarx/.m2/repository/com/antgroup/tugraph/geaflow-dsl-connector-console/0.1/geaflow-dsl-connector-console-0.1.jar:/home/blazarx/.m2/repository/com/antgroup/tugraph/geaflow-dsl-connector-file/0.1/geaflow-dsl-connector-file-0.1.jar:/home/blazarx/.m2/repository/com/antgroup/tugraph/geaflow-dsl-connector-kafka/0.1/geaflow-dsl-connector-kafka-0.1.jar:/home/blazarx/.m2/repository/org/apache/kafka/kafka-clients/2.4.1/kafka-clients-2.4.1.jar:/home/blazarx/.m2/repository/org/lz4/lz4-java/1.6.0/lz4-java-1.6.0.jar:/home/blazarx/.m2/repository/com/antgroup/tugraph/geaflow-dsl-connector-hive/0.1/geaflow-dsl-connector-hive-0.1.jar:/home/blazarx/.m2/repository/org/apache/hadoop/hadoop-mapreduce-client-core/2.7.4/hadoop-mapreduce-client-core-2.7.4.jar:/home/blazarx/.m2/repository/org/apache/hadoop/hadoop-yarn-common/2.7.4/hadoop-yarn-common-2.7.4.jar:/home/blazarx/.m2/repository/javax/xml/bind/jaxb-api/2.2.2/jaxb-api-2.2.2.jar:/home/blazarx/.m2/repository/javax/xml/stream/stax-api/1.0-2/stax-api-1.0-2.jar:/home/blazarx/.m2/repository/javax/activation/activation/1.1/activation-1.1.jar:/home/blazarx/.m2/repository/com/sun/jersey/jersey-client/1.9/jersey-client-1.9.jar:/home/blazarx/.m2/repository/org/codehaus/jackson/jackson-jaxrs/1.9.13/jackson-jaxrs-1.9.13.jar:/home/blazarx/.m2/repository/org/codehaus/jackson/jackson-xc/1.9.13/jackson-xc-1.9.13.jar:/home/blazarx/.m2/repository/com/google/inject/guice/3.0/guice-3.0.jar:/home/blazarx/.m2/repository/javax/inject/javax.inject/1/javax.inject-1.jar:/home/blazarx/.m2/repository/aopalliance/aopalliance/1.0/aopalliance-1.0.jar:/home/blazarx/.m2/repository/com/sun/jersey/jersey-server/1.9/jersey-server-1.9.jar:/home/blazarx/.m2/repository/com/sun/jersey/contribs/jersey-guice/1.9/jersey-guice-1.9.jar:/home/blazarx/.m2/repository/org/apache/avro/avro/1.7.4/avro-1.7.4.jar:/home/blazarx/.m2/repository/com/thoughtworks/paranamer/paranamer/2.3/paranamer-2.3.jar:/home/blazarx/.m2/repository/org/apache/hadoop/hadoop-annotations/2.7.4/hadoop-annotations-2.7.4.jar:/usr/lib/jvm/java-8-openjdk-amd64/jre/../lib/tools.jar:/home/blazarx/.m2/repository/com/google/inject/extensions/guice-servlet/3.0/guice-servlet-3.0.jar:/home/blazarx/.m2/repository/io/netty/netty/3.6.2.Final/netty-3.6.2.Final.jar:/home/blazarx/.m2/repository/org/apache/hadoop/hadoop-common/2.7.4/hadoop-common-2.7.4.jar:/home/blazarx/.m2/repository/commons-cli/commons-cli/1.2/commons-cli-1.2.jar:/home/blazarx/.m2/repository/org/apache/commons/commons-math3/3.1.1/commons-math3-3.1.1.jar:/home/blazarx/.m2/repository/xmlenc/xmlenc/0.52/xmlenc-0.52.jar:/home/blazarx/.m2/repository/commons-httpclient/commons-httpclient/3.1/commons-httpclient-3.1.jar:/home/blazarx/.m2/repository/commons-net/commons-net/3.1/commons-net-3.1.jar:/home/blazarx/.m2/repository/org/mortbay/jetty/jetty/6.1.26/jetty-6.1.26.jar:/home/blazarx/.m2/repository/org/mortbay/jetty/jetty-util/6.1.26/jetty-util-6.1.26.jar:/home/blazarx/.m2/repository/org/mortbay/jetty/jetty-sslengine/6.1.26/jetty-sslengine-6.1.26.jar:/home/blazarx/.m2/repository/javax/servlet/jsp/jsp-api/2.1/jsp-api-2.1.jar:/home/blazarx/.m2/repository/com/sun/jersey/jersey-core/1.9/jersey-core-1.9.jar:/home/blazarx/.m2/repository/com/sun/jersey/jersey-json/1.9/jersey-json-1.9.jar:/home/blazarx/.m2/repository/org/codehaus/jettison/jettison/1.1/jettison-1.1.jar:/home/blazarx/.m2/repository/com/sun/xml/bind/jaxb-impl/2.2.3-1/jaxb-impl-2.2.3-1.jar:/home/blazarx/.m2/repository/net/java/dev/jets3t/jets3t/0.9.0/jets3t-0.9.0.jar:/home/blazarx/.m2/repository/com/jamesmurty/utils/java-xmlbuilder/0.4/java-xmlbuilder-0.4.jar:/home/blazarx/.m2/repository/commons-configuration/commons-configuration/1.6/commons-configuration-1.6.jar:/home/blazarx/.m2/repository/commons-digester/commons-digester/1.8/commons-digester-1.8.jar:/home/blazarx/.m2/repository/commons-beanutils/commons-beanutils-core/1.8.0/commons-beanutils-core-1.8.0.jar:/home/blazarx/.m2/repository/org/codehaus/jackson/jackson-core-asl/1.9.13/jackson-core-asl-1.9.13.jar:/home/blazarx/.m2/repository/org/codehaus/jackson/jackson-mapper-asl/1.9.13/jackson-mapper-asl-1.9.13.jar:/home/blazarx/.m2/repository/org/apache/hadoop/hadoop-auth/2.7.4/hadoop-auth-2.7.4.jar:/home/blazarx/.m2/repository/org/apache/directory/server/apacheds-kerberos-codec/2.0.0-M15/apacheds-kerberos-codec-2.0.0-M15.jar:/home/blazarx/.m2/repository/org/apache/directory/server/apacheds-i18n/2.0.0-M15/apacheds-i18n-2.0.0-M15.jar:/home/blazarx/.m2/repository/org/apache/directory/api/api-asn1-api/1.0.0-M20/api-asn1-api-1.0.0-M20.jar:/home/blazarx/.m2/repository/org/apache/directory/api/api-util/1.0.0-M20/api-util-1.0.0-M20.jar:/home/blazarx/.m2/repository/org/apache/curator/curator-framework/2.7.1/curator-framework-2.7.1.jar:/home/blazarx/.m2/repository/com/jcraft/jsch/0.1.54/jsch-0.1.54.jar:/home/blazarx/.m2/repository/org/apache/curator/curator-client/2.7.1/curator-client-2.7.1.jar:/home/blazarx/.m2/repository/org/apache/curator/curator-recipes/2.7.1/curator-recipes-2.7.1.jar:/home/blazarx/.m2/repository/com/google/code/findbugs/jsr305/3.0.0/jsr305-3.0.0.jar:/home/blazarx/.m2/repository/org/apache/htrace/htrace-core/3.1.0-incubating/htrace-core-3.1.0-incubating.jar:/home/blazarx/.m2/repository/org/apache/zookeeper/zookeeper/3.4.6/zookeeper-3.4.6.jar:/home/blazarx/.m2/repository/org/apache/commons/commons-compress/1.4.1/commons-compress-1.4.1.jar:/home/blazarx/.m2/repository/org/tukaani/xz/1.0/xz-1.0.jar:/home/blazarx/.m2/repository/org/apache/hive/hive-metastore/2.3.6/hive-metastore-2.3.6.jar:/home/blazarx/.m2/repository/org/apache/hive/hive-serde/2.3.6/hive-serde-2.3.6.jar:/home/blazarx/.m2/repository/org/apache/hive/hive-common/2.3.6/hive-common-2.3.6.jar:/home/blazarx/.m2/repository/org/apache/hive/hive-storage-api/2.4.0/hive-storage-api-2.4.0.jar:/home/blazarx/.m2/repository/org/apache/orc/orc-core/1.3.4/orc-core-1.3.4.jar:/home/blazarx/.m2/repository/io/airlift/aircompressor/0.8/aircompressor-0.8.jar:/home/blazarx/.m2/repository/io/airlift/slice/0.29/slice-0.29.jar:/home/blazarx/.m2/repository/org/openjdk/jol/jol-core/0.2/jol-core-0.2.jar:/home/blazarx/.m2/repository/jline/jline/2.12/jline-2.12.jar:/home/blazarx/.m2/repository/org/apache/logging/log4j/log4j-web/2.6.2/log4j-web-2.6.2.jar:/home/blazarx/.m2/repository/org/apache/ant/ant/1.9.1/ant-1.9.1.jar:/home/blazarx/.m2/repository/org/apache/ant/ant-launcher/1.9.1/ant-launcher-1.9.1.jar:/home/blazarx/.m2/repository/com/tdunning/json/1.8/json-1.8.jar:/home/blazarx/.m2/repository/io/dropwizard/metrics/metrics-jvm/3.1.0/metrics-jvm-3.1.0.jar:/home/blazarx/.m2/repository/io/dropwizard/metrics/metrics-json/3.1.0/metrics-json-3.1.0.jar:/home/blazarx/.m2/repository/com/github/joshelser/dropwizard-metrics-hadoop-metrics2-reporter/0.1.2/dropwizard-metrics-hadoop-metrics2-reporter-0.1.2.jar:/home/blazarx/.m2/repository/org/apache/hive/hive-service-rpc/2.3.6/hive-service-rpc-2.3.6.jar:/home/blazarx/.m2/repository/tomcat/jasper-compiler/5.5.23/jasper-compiler-5.5.23.jar:/home/blazarx/.m2/repository/ant/ant/1.6.5/ant-1.6.5.jar:/home/blazarx/.m2/repository/tomcat/jasper-runtime/5.5.23/jasper-runtime-5.5.23.jar:/home/blazarx/.m2/repository/commons-el/commons-el/1.0/commons-el-1.0.jar:/home/blazarx/.m2/repository/net/sf/opencsv/opencsv/2.3/opencsv-2.3.jar:/home/blazarx/.m2/repository/org/apache/parquet/parquet-hadoop-bundle/1.8.1/parquet-hadoop-bundle-1.8.1.jar:/home/blazarx/.m2/repository/org/apache/hive/hive-shims/2.3.6/hive-shims-2.3.6.jar:/home/blazarx/.m2/repository/org/apache/hive/shims/hive-shims-common/2.3.6/hive-shims-common-2.3.6.jar:/home/blazarx/.m2/repository/org/apache/hive/shims/hive-shims-0.23/2.3.6/hive-shims-0.23-2.3.6.jar:/home/blazarx/.m2/repository/org/apache/hadoop/hadoop-yarn-server-resourcemanager/2.7.2/hadoop-yarn-server-resourcemanager-2.7.2.jar:/home/blazarx/.m2/repository/org/apache/hadoop/hadoop-yarn-server-applicationhistoryservice/2.7.2/hadoop-yarn-server-applicationhistoryservice-2.7.2.jar:/home/blazarx/.m2/repository/org/apache/hadoop/hadoop-yarn-server-web-proxy/2.7.2/hadoop-yarn-server-web-proxy-2.7.2.jar:/home/blazarx/.m2/repository/org/apache/zookeeper/zookeeper/3.4.6/zookeeper-3.4.6-tests.jar:/home/blazarx/.m2/repository/org/apache/hive/shims/hive-shims-scheduler/2.3.6/hive-shims-scheduler-2.3.6.jar:/home/blazarx/.m2/repository/javolution/javolution/5.5.1/javolution-5.5.1.jar:/home/blazarx/.m2/repository/org/apache/hbase/hbase-client/1.1.1/hbase-client-1.1.1.jar:/home/blazarx/.m2/repository/org/apache/hbase/hbase-annotations/1.1.1/hbase-annotations-1.1.1.jar:/home/blazarx/.m2/repository/org/apache/hbase/hbase-common/1.1.1/hbase-common-1.1.1.jar:/home/blazarx/.m2/repository/org/apache/hbase/hbase-protocol/1.1.1/hbase-protocol-1.1.1.jar:/home/blazarx/.m2/repository/org/jruby/jcodings/jcodings/1.0.8/jcodings-1.0.8.jar:/home/blazarx/.m2/repository/org/jruby/joni/joni/2.1.2/joni-2.1.2.jar:/home/blazarx/.m2/repository/com/github/stephenc/findbugs/findbugs-annotations/1.3.9-1/findbugs-annotations-1.3.9-1.jar:/home/blazarx/.m2/repository/com/jolbox/bonecp/0.8.0.RELEASE/bonecp-0.8.0.RELEASE.jar:/home/blazarx/.m2/repository/org/apache/derby/derby/10.10.2.0/derby-10.10.2.0.jar:/home/blazarx/.m2/repository/org/datanucleus/datanucleus-api-jdo/4.2.4/datanucleus-api-jdo-4.2.4.jar:/home/blazarx/.m2/repository/org/datanucleus/datanucleus-core/4.1.17/datanucleus-core-4.1.17.jar:/home/blazarx/.m2/repository/org/datanucleus/datanucleus-rdbms/4.1.19/datanucleus-rdbms-4.1.19.jar:/home/blazarx/.m2/repository/commons-pool/commons-pool/1.5.4/commons-pool-1.5.4.jar:/home/blazarx/.m2/repository/commons-dbcp/commons-dbcp/1.4/commons-dbcp-1.4.jar:/home/blazarx/.m2/repository/javax/jdo/jdo-api/3.0.1/jdo-api-3.0.1.jar:/home/blazarx/.m2/repository/javax/transaction/jta/1.1/jta-1.1.jar:/home/blazarx/.m2/repository/org/datanucleus/javax.jdo/3.2.0-m3/javax.jdo-3.2.0-m3.jar:/home/blazarx/.m2/repository/javax/transaction/transaction-api/1.1/transaction-api-1.1.jar:/home/blazarx/.m2/repository/org/antlr/antlr-runtime/3.5.2/antlr-runtime-3.5.2.jar:/home/blazarx/.m2/repository/org/apache/thrift/libfb303/0.9.3/libfb303-0.9.3.jar:/home/blazarx/.m2/repository/org/apache/thrift/libthrift/0.9.3/libthrift-0.9.3.jar:/home/blazarx/.m2/repository/co/cask/tephra/tephra-api/0.6.0/tephra-api-0.6.0.jar:/home/blazarx/.m2/repository/co/cask/tephra/tephra-core/0.6.0/tephra-core-0.6.0.jar:/home/blazarx/.m2/repository/com/google/inject/extensions/guice-assistedinject/3.0/guice-assistedinject-3.0.jar:/home/blazarx/.m2/repository/org/apache/twill/twill-common/0.6.0-incubating/twill-common-0.6.0-incubating.jar:/home/blazarx/.m2/repository/org/apache/twill/twill-core/0.6.0-incubating/twill-core-0.6.0-incubating.jar:/home/blazarx/.m2/repository/org/apache/twill/twill-api/0.6.0-incubating/twill-api-0.6.0-incubating.jar:/home/blazarx/.m2/repository/org/apache/twill/twill-discovery-api/0.6.0-incubating/twill-discovery-api-0.6.0-incubating.jar:/home/blazarx/.m2/repository/org/apache/twill/twill-discovery-core/0.6.0-incubating/twill-discovery-core-0.6.0-incubating.jar:/home/blazarx/.m2/repository/org/apache/twill/twill-zookeeper/0.6.0-incubating/twill-zookeeper-0.6.0-incubating.jar:/home/blazarx/.m2/repository/co/cask/tephra/tephra-hbase-compat-1.0/0.6.0/tephra-hbase-compat-1.0-0.6.0.jar:/home/blazarx/.m2/repository/org/apache/hive/hive-exec/2.3.6/hive-exec-2.3.6-core.jar:/home/blazarx/.m2/repository/org/apache/logging/log4j/log4j-1.2-api/2.6.2/log4j-1.2-api-2.6.2.jar:/home/blazarx/.m2/repository/org/apache/logging/log4j/log4j-api/2.6.2/log4j-api-2.6.2.jar:/home/blazarx/.m2/repository/org/apache/logging/log4j/log4j-core/2.6.2/log4j-core-2.6.2.jar:/home/blazarx/.m2/repository/com/antgroup/tugraph/geaflow-dsl-connector-socket/0.1/geaflow-dsl-connector-socket-0.1.jar:/home/blazarx/.m2/repository/com/antgroup/tugraph/geaflow-pdata/0.1/geaflow-pdata-0.1.jar:/home/blazarx/.m2/repository/org/apache/commons/commons-lang3/3.3.2/commons-lang3-3.3.2.jar:/home/blazarx/.m2/repository/com/antgroup/tugraph/geaflow-operator/0.1/geaflow-operator-0.1.jar:/home/blazarx/.m2/repository/com/antgroup/tugraph/geaflow-state-api/0.1/geaflow-state-api-0.1.jar:/home/blazarx/.m2/repository/com/antgroup/tugraph/geaflow-state-impl/0.1/geaflow-state-impl-0.1.jar:/home/blazarx/.m2/repository/com/antgroup/tugraph/geaflow-state-strategy/0.1/geaflow-state-strategy-0.1.jar:/home/blazarx/.m2/repository/com/antgroup/tugraph/geaflow-view-meta/0.1/geaflow-view-meta-0.1.jar:/home/blazarx/.m2/repository/com/antgroup/tugraph/geaflow-file-common/0.1/geaflow-file-common-0.1.jar:/home/blazarx/.m2/repository/org/apache/hadoop/hadoop-client/2.7.4/hadoop-client-2.7.4.jar:/home/blazarx/.m2/repository/org/apache/hadoop/hadoop-hdfs/2.7.4/hadoop-hdfs-2.7.4.jar:/home/blazarx/.m2/repository/xerces/xercesImpl/2.9.1/xercesImpl-2.9.1.jar:/home/blazarx/.m2/repository/xml-apis/xml-apis/1.3.04/xml-apis-1.3.04.jar:/home/blazarx/.m2/repository/org/fusesource/leveldbjni/leveldbjni-all/1.8/leveldbjni-all-1.8.jar:/home/blazarx/.m2/repository/org/apache/hadoop/hadoop-mapreduce-client-app/2.7.4/hadoop-mapreduce-client-app-2.7.4.jar:/home/blazarx/.m2/repository/org/apache/hadoop/hadoop-mapreduce-client-common/2.7.4/hadoop-mapreduce-client-common-2.7.4.jar:/home/blazarx/.m2/repository/org/apache/hadoop/hadoop-yarn-client/2.7.4/hadoop-yarn-client-2.7.4.jar:/home/blazarx/.m2/repository/org/apache/hadoop/hadoop-yarn-server-common/2.7.4/hadoop-yarn-server-common-2.7.4.jar:/home/blazarx/.m2/repository/org/apache/hadoop/hadoop-mapreduce-client-shuffle/2.7.4/hadoop-mapreduce-client-shuffle-2.7.4.jar:/home/blazarx/.m2/repository/org/apache/hadoop/hadoop-yarn-api/2.7.4/hadoop-yarn-api-2.7.4.jar:/home/blazarx/.m2/repository/org/apache/hadoop/hadoop-mapreduce-client-jobclient/2.7.4/hadoop-mapreduce-client-jobclient-2.7.4.jar:/home/blazarx/.m2/repository/com/antgroup/tugraph/geaflow-file-dfs/0.1/geaflow-file-dfs-0.1.jar:/home/blazarx/.m2/repository/com/antgroup/tugraph/geaflow-cluster/0.1/geaflow-cluster-0.1.jar:/home/blazarx/.m2/repository/com/antgroup/tugraph/geaflow-core-common/0.1/geaflow-core-common-0.1.jar:/home/blazarx/.m2/repository/com/antgroup/tugraph/geaflow-shuffle/0.1/geaflow-shuffle-0.1.jar:/home/blazarx/.m2/repository/com/github/luben/zstd-jni/1.4.3-1/zstd-jni-1.4.3-1.jar:/home/blazarx/.m2/repository/org/xerial/snappy/snappy-java/1.1.8.4/snappy-java-1.1.8.4.jar:/home/blazarx/.m2/repository/net/jpountz/lz4/lz4/1.2.0/lz4-1.2.0.jar:/home/blazarx/.m2/repository/io/netty/netty-all/4.1.30.Final/netty-all-4.1.30.Final.jar:/home/blazarx/.m2/repository/com/antgroup/tugraph/geaflow-rpc-proto/0.1/geaflow-rpc-proto-0.1.jar:/home/blazarx/.m2/repository/io/grpc/grpc-all/1.15.1/grpc-all-1.15.1.jar:/home/blazarx/.m2/repository/io/grpc/grpc-auth/1.15.1/grpc-auth-1.15.1.jar:/home/blazarx/.m2/repository/com/google/auth/google-auth-library-credentials/0.9.0/google-auth-library-credentials-0.9.0.jar:/home/blazarx/.m2/repository/io/grpc/grpc-core/1.15.1/grpc-core-1.15.1.jar:/home/blazarx/.m2/repository/com/google/errorprone/error_prone_annotations/2.2.0/error_prone_annotations-2.2.0.jar:/home/blazarx/.m2/repository/org/codehaus/mojo/animal-sniffer-annotations/1.17/animal-sniffer-annotations-1.17.jar:/home/blazarx/.m2/repository/io/opencensus/opencensus-api/0.12.3/opencensus-api-0.12.3.jar:/home/blazarx/.m2/repository/io/opencensus/opencensus-contrib-grpc-metrics/0.12.3/opencensus-contrib-grpc-metrics-0.12.3.jar:/home/blazarx/.m2/repository/io/grpc/grpc-context/1.15.1/grpc-context-1.15.1.jar:/home/blazarx/.m2/repository/io/grpc/grpc-netty/1.15.1/grpc-netty-1.15.1.jar:/home/blazarx/.m2/repository/io/netty/netty-codec-http2/4.1.27.Final/netty-codec-http2-4.1.27.Final.jar:/home/blazarx/.m2/repository/io/netty/netty-codec-http/4.1.27.Final/netty-codec-http-4.1.27.Final.jar:/home/blazarx/.m2/repository/io/netty/netty-codec/4.1.27.Final/netty-codec-4.1.27.Final.jar:/home/blazarx/.m2/repository/io/netty/netty-handler/4.1.27.Final/netty-handler-4.1.27.Final.jar:/home/blazarx/.m2/repository/io/netty/netty-buffer/4.1.27.Final/netty-buffer-4.1.27.Final.jar:/home/blazarx/.m2/repository/io/netty/netty-common/4.1.27.Final/netty-common-4.1.27.Final.jar:/home/blazarx/.m2/repository/io/netty/netty-handler-proxy/4.1.27.Final/netty-handler-proxy-4.1.27.Final.jar:/home/blazarx/.m2/repository/io/netty/netty-transport/4.1.27.Final/netty-transport-4.1.27.Final.jar:/home/blazarx/.m2/repository/io/netty/netty-resolver/4.1.27.Final/netty-resolver-4.1.27.Final.jar:/home/blazarx/.m2/repository/io/netty/netty-codec-socks/4.1.27.Final/netty-codec-socks-4.1.27.Final.jar:/home/blazarx/.m2/repository/io/grpc/grpc-okhttp/1.15.1/grpc-okhttp-1.15.1.jar:/home/blazarx/.m2/repository/com/squareup/okhttp/okhttp/2.5.0/okhttp-2.5.0.jar:/home/blazarx/.m2/repository/io/grpc/grpc-protobuf/1.15.1/grpc-protobuf-1.15.1.jar:/home/blazarx/.m2/repository/com/google/api/grpc/proto-google-common-protos/1.0.0/proto-google-common-protos-1.0.0.jar:/home/blazarx/.m2/repository/io/grpc/grpc-protobuf-lite/1.15.1/grpc-protobuf-lite-1.15.1.jar:/home/blazarx/.m2/repository/io/grpc/grpc-protobuf-nano/1.15.1/grpc-protobuf-nano-1.15.1.jar:/home/blazarx/.m2/repository/com/google/protobuf/nano/protobuf-javanano/3.0.0-alpha-5/protobuf-javanano-3.0.0-alpha-5.jar:/home/blazarx/.m2/repository/io/grpc/grpc-stub/1.15.1/grpc-stub-1.15.1.jar:/home/blazarx/.m2/repository/io/grpc/grpc-testing/1.15.1/grpc-testing-1.15.1.jar:/home/blazarx/.m2/repository/org/mockito/mockito-core/1.9.5/mockito-core-1.9.5.jar:/home/blazarx/.m2/repository/com/antgroup/tugraph/geaflow-metrics-slf4j/0.1/geaflow-metrics-slf4j-0.1.jar:/home/blazarx/.m2/repository/com/antgroup/tugraph/geaflow-metrics-reporter/0.1/geaflow-metrics-reporter-0.1.jar:/home/blazarx/.m2/repository/com/antgroup/tugraph/geaflow-store-redis/0.1/geaflow-store-redis-0.1.jar:/home/blazarx/.m2/repository/com/antgroup/tugraph/geaflow-store-api/0.1/geaflow-store-api-0.1.jar:/home/blazarx/.m2/repository/redis/clients/jedis/3.0.1/jedis-3.0.1.jar:/home/blazarx/.m2/repository/org/apache/commons/commons-pool2/2.4.3/commons-pool2-2.4.3.jar:/home/blazarx/.m2/repository/com/antgroup/tugraph/geaflow-store-memory/0.1/geaflow-store-memory-0.1.jar:/home/blazarx/.m2/repository/com/antgroup/tugraph/geaflow-collection/0.1/geaflow-collection-0.1.jar:/home/blazarx/.m2/repository/it/unimi/dsi/fastutil/8.5.8/fastutil-8.5.8.jar:/home/blazarx/.m2/repository/com/antgroup/tugraph/geaflow-store-rocksdb/0.1/geaflow-store-rocksdb-0.1.jar:/home/blazarx/.m2/repository/org/rocksdb/rocksdbjni/7.7.3/rocksdbjni-7.7.3.jar:/home/blazarx/.m2/repository/com/antgroup/tugraph/geaflow-store-jdbc/0.1/geaflow-store-jdbc-0.1.jar:/home/blazarx/.m2/repository/com/zaxxer/HikariCP/4.0.3/HikariCP-4.0.3.jar:/home/blazarx/.m2/repository/mysql/mysql-connector-java/8.0.20/mysql-connector-java-8.0.20.jar:/home/blazarx/.m2/repository/com/antgroup/tugraph/geaflow-highavailability/0.1/geaflow-highavailability-0.1.jar:/home/blazarx/.m2/repository/com/antgroup/tugraph/geaflow-stats-metrics/0.1/geaflow-stats-metrics-0.1.jar:/home/blazarx/.m2/repository/org/eclipse/jetty/jetty-util/9.4.43.v20210629/jetty-util-9.4.43.v20210629.jar:/home/blazarx/.m2/repository/org/eclipse/jetty/jetty-http/9.4.43.v20210629/jetty-http-9.4.43.v20210629.jar:/home/blazarx/.m2/repository/org/eclipse/jetty/jetty-io/9.4.43.v20210629/jetty-io-9.4.43.v20210629.jar:/home/blazarx/.m2/repository/org/eclipse/jetty/jetty-server/9.4.43.v20210629/jetty-server-9.4.43.v20210629.jar:/home/blazarx/.m2/repository/javax/servlet/javax.servlet-api/3.1.0/javax.servlet-api-3.1.0.jar:/home/blazarx/.m2/repository/org/eclipse/jetty/jetty-servlet/9.4.43.v20210629/jetty-servlet-9.4.43.v20210629.jar:/home/blazarx/.m2/repository/org/eclipse/jetty/jetty-security/9.4.43.v20210629/jetty-security-9.4.43.v20210629.jar:/home/blazarx/.m2/repository/org/eclipse/jetty/jetty-util-ajax/9.4.43.v20210629/jetty-util-ajax-9.4.43.v20210629.jar:/home/blazarx/.m2/repository/com/squareup/okio/okio/2.8.0/okio-2.8.0.jar:/home/blazarx/.m2/repository/org/jetbrains/kotlin/kotlin-stdlib/1.4.0/kotlin-stdlib-1.4.0.jar:/home/blazarx/.m2/repository/org/jetbrains/annotations/13.0/annotations-13.0.jar:/home/blazarx/.m2/repository/org/jetbrains/kotlin/kotlin-stdlib-common/1.4.0/kotlin-stdlib-common-1.4.0.jar:/home/blazarx/.m2/repository/com/antgroup/tugraph/geaflow-on-local/0.1/geaflow-on-local-0.1.jar:/home/blazarx/.m2/repository/com/antgroup/tugraph/geaflow-pipeline/0.1/geaflow-pipeline-0.1.jar:/home/blazarx/.m2/repository/com/antgroup/tugraph/geaflow-plan/0.1/geaflow-plan-0.1.jar:/home/blazarx/.m2/repository/com/antgroup/tugraph/geaflow-processor/0.1/geaflow-processor-0.1.jar:"/>
    <property name="sun.cpu.endian" value="little"/>
    <property name="user.home" value="/home/blazarx"/>
    <property name="user.language" value="zh"/>
    <property name="java.specification.vendor" value="Oracle Corporation"/>
    <property name="java.home" value="/usr/lib/jvm/java-8-openjdk-amd64/jre"/>
    <property name="basedir" value="/home/blazarx/文档/TuGraph/AlgorithmDesign/lab1/PersonLoanCount"/>
    <property name="file.separator" value="/"/>
    <property name="line.separator" value="&#10;"/>
    <property name="java.vm.specification.vendor" value="Oracle Corporation"/>
    <property name="java.specification.name" value="Java Platform API Specification"/>
    <property name="java.awt.graphicsenv" value="sun.awt.X11GraphicsEnvironment"/>
    <property name="surefire.real.class.path" value="/home/blazarx/文档/TuGraph/AlgorithmDesign/lab1/PersonLoanCount/target/surefire/surefirebooter1926151194364035583.jar"/>
    <property name="sun.boot.class.path" value="/usr/lib/jvm/java-8-openjdk-amd64/jre/lib/resources.jar:/usr/lib/jvm/java-8-openjdk-amd64/jre/lib/rt.jar:/usr/lib/jvm/java-8-openjdk-amd64/jre/lib/sunrsasign.jar:/usr/lib/jvm/java-8-openjdk-amd64/jre/lib/jsse.jar:/usr/lib/jvm/java-8-openjdk-amd64/jre/lib/jce.jar:/usr/lib/jvm/java-8-openjdk-amd64/jre/lib/charsets.jar:/usr/lib/jvm/java-8-openjdk-amd64/jre/lib/jfr.jar:/usr/lib/jvm/java-8-openjdk-amd64/jre/classes"/>
    <property name="sun.management.compiler" value="HotSpot 64-Bit Tiered Compilers"/>
    <property name="java.runtime.version" value="1.8.0_382-8u382-ga-1~20.04.1-b05"/>
    <property name="user.name" value="blazarx"/>
    <property name="path.separator" value=":"/>
    <property name="os.version" value="5.15.0-78-generic"/>
    <property name="java.endorsed.dirs" value="/usr/lib/jvm/java-8-openjdk-amd64/jre/lib/endorsed"/>
    <property name="java.runtime.name" value="OpenJDK Runtime Environment"/>
    <property name="file.encoding" value="UTF-8"/>
    <property name="java.vm.name" value="OpenJDK 64-Bit Server VM"/>
    <property name="localRepository" value="/home/blazarx/.m2/repository"/>
    <property name="java.vendor.url.bug" value="http://bugreport.sun.com/bugreport/"/>
    <property name="java.io.tmpdir" value="/tmp"/>
    <property name="java.version" value="1.8.0_382"/>
    <property name="user.dir" value="/home/blazarx/文档/TuGraph/AlgorithmDesign/lab1/PersonLoanCount"/>
    <property name="os.arch" value="amd64"/>
    <property name="java.vm.specification.name" value="Java Virtual Machine Specification"/>
    <property name="java.awt.printerjob" value="sun.print.PSPrinterJob"/>
    <property name="sun.os.patch.level" value="unknown"/>
    <property name="java.library.path" value="/usr/java/packages/lib/amd64:/usr/lib/x86_64-linux-gnu/jni:/lib/x86_64-linux-gnu:/usr/lib/x86_64-linux-gnu:/usr/lib/jni:/lib:/usr/lib"/>
    <property name="java.vm.info" value="mixed mode"/>
    <property name="java.vendor" value="Private Build"/>
    <property name="java.vm.version" value="25.382-b05"/>
    <property name="java.specification.maintenance.version" value="5"/>
    <property name="java.ext.dirs" value="/usr/lib/jvm/java-8-openjdk-amd64/jre/lib/ext:/usr/java/packages/lib/ext"/>
    <property name="sun.io.unicode.encoding" value="UnicodeLittle"/>
    <property name="java.class.version" value="52.0"/>
  </properties>
  <testcase name="shouldAnswerWithTrue" classname="PersonLoanCount.AppTest" time="0.001"/>
</testsuite>